mar. 16, 2025 4:01:00 PM liquibase.changelog
INFO: Reading resource: db/changelog/migrations/db.changelog-202503081723.sql
mar. 16, 2025 4:01:00 PM liquibase.changelog
INFO: Reading resource: db/changelog/migrations/db.changelog-202503111839.sql
mar. 16, 2025 4:01:00 PM liquibase.changelog
INFO: Reading resource: db/changelog/migrations/db.changelog-202503111900.sql
mar. 16, 2025 4:01:00 PM liquibase.changelog
INFO: Reading resource: db/changelog/migrations/db.changelog-202503111920.sql
mar. 16, 2025 4:01:00 PM liquibase.changelog
INFO: Reading from board.databasechangelog
Database is up to date, no changesets to execute
mar. 16, 2025 4:01:00 PM liquibase.changelog
INFO: Reading from board.databasechangelog

UPDATE SUMMARY
Run:                          0
Previously run:               4
Filtered out:                 0
-------------------------------
Total change sets:            4

mar. 16, 2025 4:01:00 PM liquibase.util
INFO: UPDATE SUMMARY
mar. 16, 2025 4:01:00 PM liquibase.util
INFO: Run:                          0
mar. 16, 2025 4:01:00 PM liquibase.util
INFO: Previously run:               4
mar. 16, 2025 4:01:00 PM liquibase.util
INFO: Filtered out:                 0
mar. 16, 2025 4:01:00 PM liquibase.util
INFO: -------------------------------
mar. 16, 2025 4:01:00 PM liquibase.util
INFO: Total change sets:            4
mar. 16, 2025 4:01:00 PM liquibase.util
INFO: Update summary generated
mar. 16, 2025 4:01:00 PM liquibase.command
INFO: Command execution complete
