mar. 11, 2025 7:05:47 PM liquibase.changelog
INFO: Reading resource: db/changelog/migrations/db.changelog-202503081723.sql
mar. 11, 2025 7:05:47 PM liquibase.changelog
INFO: Reading resource: db/changelog/migrations/db.changelog-202503111839.sql
mar. 11, 2025 7:05:47 PM liquibase.changelog
INFO: Reading resource: db/changelog/migrations/db.changelog-202503111900.sql
mar. 11, 2025 7:05:47 PM liquibase.changelog
INFO: Reading resource: db/changelog/migrations/db.changelog-202503111920.sql
mar. 11, 2025 7:05:47 PM liquibase.changelog
INFO: Reading from board.databasechangelog
mar. 11, 2025 7:05:47 PM liquibase.lockservice
INFO: Successfully acquired change log lock
mar. 11, 2025 7:05:47 PM liquibase.command
INFO: Using deploymentId: 1730747800
mar. 11, 2025 7:05:47 PM liquibase.changelog
INFO: Reading from board.databasechangelog
Running Changeset: db/changelog/migrations/db.changelog-202503111900.sql::001::usuario
mar. 11, 2025 7:05:47 PM liquibase.changelog
INFO: Custom SQL executed
mar. 11, 2025 7:05:47 PM liquibase.changelog
INFO: ChangeSet db/changelog/migrations/db.changelog-202503111900.sql::001::usuario ran successfully in 37ms
Running Changeset: db/changelog/migrations/db.changelog-202503111920.sql::raw::includeAll
mar. 11, 2025 7:05:47 PM liquibase.changelog
INFO: Custom SQL executed
mar. 11, 2025 7:05:47 PM liquibase.changelog
INFO: ChangeSet db/changelog/migrations/db.changelog-202503111920.sql::raw::includeAll ran successfully in 28ms

UPDATE SUMMARY
Run:                          2
Previously run:               2
Filtered out:                 0
-------------------------------
Total change sets:            4

mar. 11, 2025 7:05:47 PM liquibase.util
INFO: UPDATE SUMMARY
mar. 11, 2025 7:05:47 PM liquibase.util
INFO: Run:                          2
mar. 11, 2025 7:05:47 PM liquibase.util
INFO: Previously run:               2
mar. 11, 2025 7:05:47 PM liquibase.util
INFO: Filtered out:                 0
mar. 11, 2025 7:05:47 PM liquibase.util
INFO: -------------------------------
mar. 11, 2025 7:05:47 PM liquibase.util
INFO: Total change sets:            4
mar. 11, 2025 7:05:47 PM liquibase.util
INFO: Update summary generated
mar. 11, 2025 7:05:47 PM liquibase.command
INFO: Update command completed successfully.
Liquibase: Update has been successful. Rows affected: 2
mar. 11, 2025 7:05:47 PM liquibase.lockservice
INFO: Successfully released change log lock
mar. 11, 2025 7:05:47 PM liquibase.command
INFO: Command execution complete
